<?xml version="1.0" encoding="UTF-8"?>
<!-- Generated by org.testng.reporters.JUnitReportReporter -->
<testsuite hostname="DESKTOP-2VEI95D" failures="0" tests="1" name="testscript.traker" time="12.469" errors="0" timestamp="2024-06-19T10:58:17 IST" skipped="0">
  <testcase classname="testscript.traker" name="open_traker" time="12.469"/>
</testsuite> <!-- testscript.traker -->
