<?xml version="1.0" encoding="UTF-8"?>
<!-- Generated by org.testng.reporters.JUnitReportReporter -->
<testsuite hostname="DESKTOP-2VEI95D" failures="0" tests="3" name="listeners.TestNG_listnerdemo2" time="0.004" errors="0" timestamp="2024-06-19T15:38:34 IST" skipped="1">
  <testcase classname="listeners.TestNG_listnerdemo2" name="test5" time="0.001"/>
  <testcase classname="listeners.TestNG_listnerdemo2" name="test6" time="0.002">
    <skipped/>
  </testcase> <!-- test6 -->
  <testcase classname="listeners.TestNG_listnerdemo2" name="test4" time="0.001"/>
</testsuite> <!-- listeners.TestNG_listnerdemo2 -->
